Using pre-set license
Built from '2020.3/release' branch; Version is '2020.3.2f1 (8fd9074bf66c) revision 9427207'; Using compiler version '192528614'; Build Type 'Release'
OS: 'Windows 10 Home; OS build 19042.867; Version 2009; 64bit' Language: 'en' Physical Memory: 16229 MB
BatchMode: 1, IsHumanControllingUs: 0, StartBugReporterOnCrash: 0, Is64bit: 1, IsPro: 0

 COMMAND LINE ARGUMENTS:
C:\Program Files\Unity\Hub\Editor\2020.3.2f1\Editor\Unity.exe
-adb2
-batchMode
-noUpm
-name
AssetImportWorker0
-projectPath
C:/Users/LuisI/OneDrive/Documentos/Unity/Curso-Unity-2020/05_QuickClick
-logFile
Logs/AssetImportWorker0.log
-srvPort
14861
Successfully changed project path to: C:/Users/LuisI/OneDrive/Documentos/Unity/Curso-Unity-2020/05_QuickClick
C:/Users/LuisI/OneDrive/Documentos/Unity/Curso-Unity-2020/05_QuickClick
Using Asset Import Pipeline V2.
Refreshing native plugins compatible for Editor in 55.50 ms, found 0 plugins.
Preloading 0 native plugins for Editor in 0.00 ms.
Initialize engine version: 2020.3.2f1 (8fd9074bf66c)
[Subsystems] Discovering subsystems at path C:/Program Files/Unity/Hub/Editor/2020.3.2f1/Editor/Data/Resources/UnitySubsystems
[Subsystems] Discovering subsystems at path C:/Users/LuisI/OneDrive/Documentos/Unity/Curso-Unity-2020/05_QuickClick/Assets
GfxDevice: creating device client; threaded=0
Direct3D:
    Version:  Direct3D 11.0 [level 11.1]
    Renderer: NVIDIA GeForce GTX 1650 with Max-Q Design (ID=0x1f91)
    Vendor:   
    VRAM:     3962 MB
    Driver:   27.21.14.6089
Initialize mono
Mono path[0] = 'C:/Program Files/Unity/Hub/Editor/2020.3.2f1/Editor/Data/Managed'
Mono path[1] = 'C:/Program Files/Unity/Hub/Editor/2020.3.2f1/Editor/Data/MonoBleedingEdge/lib/mono/unityjit'
Mono config path = 'C:/Program Files/Unity/Hub/Editor/2020.3.2f1/Editor/Data/MonoBleedingEdge/etc'
Using monoOptions --debugger-agent=transport=dt_socket,embedding=1,server=y,suspend=n,address=127.0.0.1:56968
Begin MonoManager ReloadAssembly
Registering precompiled unity dll's ...
Register platform support module: C:/Program Files/Unity/Hub/Editor/2020.3.2f1/Editor/Data/PlaybackEngines/WindowsStandaloneSupport/UnityEditor.WindowsStandalone.Extensions.dll
Registered in 0.006486 seconds.
Native extension for WindowsStandalone target not found
Refreshing native plugins compatible for Editor in 75.59 ms, found 0 plugins.
Preloading 0 native plugins for Editor in 0.00 ms.
Invoked RoslynAnalysisRunner static constructor.
RoslynAnalysisRunner will not be running.
RoslynAnalysisRunner has terminated.
Mono: successfully reloaded assembly
- Completed reload, in  3.344 seconds
Platform modules already initialized, skipping
Registering precompiled user dll's ...
Registered in 0.012946 seconds.
Begin MonoManager ReloadAssembly
Native extension for WindowsStandalone target not found
Refreshing native plugins compatible for Editor in 0.64 ms, found 0 plugins.
Preloading 0 native plugins for Editor in 0.00 ms.
Invoked RoslynAnalysisRunner static constructor.
RoslynAnalysisRunner will not be running.
RoslynAnalysisRunner has terminated.
Mono: successfully reloaded assembly
- Completed reload, in  1.752 seconds
Platform modules already initialized, skipping
========================================================================
Worker process is ready to serve import requests
Launched and connected shader compiler UnityShaderCompiler.exe after 0.10 seconds
Refreshing native plugins compatible for Editor in 1.32 ms, found 0 plugins.
Preloading 0 native plugins for Editor in 0.00 ms.
Unloading 1166 Unused Serialized files (Serialized files now loaded: 0)
System memory in use before: 58.5 MB.
System memory in use after: 58.5 MB.

Unloading 17 unused Assets to reduce memory usage. Loaded Objects now: 1606.
Total: 2.635400 ms (FindLiveObjects: 0.267800 ms CreateObjectMapping: 0.101600 ms MarkObjects: 2.132700 ms  DeleteObjects: 0.130900 ms)

========================================================================
Received Import Request.
  path: Assets/_Scripts/Target.cs
  artifactKey: Guid(59ff79754c7beaf40852a44ac2dc1522) Importer(815301076,1909f56bfc062723c751e8b465ee728b)
Start importing Assets/_Scripts/Target.cs using Guid(59ff79754c7beaf40852a44ac2dc1522) Importer(815301076,1909f56bfc062723c751e8b465ee728b)  -> (artifact id: '2819799bccd08e814115c7ed86b0eed9') in 0.290592 seconds
  Import took 0.361652 seconds .

========================================================================
Received Import Request.
  Time since last request: 68.846100 seconds.
  path: Assets/_Scripts/GameManager.cs
  artifactKey: Guid(f9af4cb2bd51bfd468de24315e4cce2e) Importer(815301076,1909f56bfc062723c751e8b465ee728b)
Start importing Assets/_Scripts/GameManager.cs using Guid(f9af4cb2bd51bfd468de24315e4cce2e) Importer(815301076,1909f56bfc062723c751e8b465ee728b)  -> (artifact id: '7964568f240f9ef05db33c2eef865f1f') in 0.007177 seconds
  Import took 0.047922 seconds .

========================================================================
Received Prepare
Registering precompiled user dll's ...
Registered in 0.008449 seconds.
Begin MonoManager ReloadAssembly
Native extension for WindowsStandalone target not found
Refreshing native plugins compatible for Editor in 0.33 ms, found 0 plugins.
Preloading 0 native plugins for Editor in 0.00 ms.
Invoked RoslynAnalysisRunner static constructor.
RoslynAnalysisRunner will not be running.
RoslynAnalysisRunner has terminated.
Mono: successfully reloaded assembly
- Completed reload, in  1.181 seconds
Platform modules already initialized, skipping
Refreshing native plugins compatible for Editor in 0.86 ms, found 0 plugins.
Preloading 0 native plugins for Editor in 0.00 ms.
Unloading 1160 Unused Serialized files (Serialized files now loaded: 0)
System memory in use before: 58.3 MB.
System memory in use after: 58.4 MB.

Unloading 12 unused Assets to reduce memory usage. Loaded Objects now: 1610.
Total: 2.775200 ms (FindLiveObjects: 0.351000 ms CreateObjectMapping: 0.134000 ms MarkObjects: 2.210500 ms  DeleteObjects: 0.077700 ms)

========================================================================
Received Prepare
Registering precompiled user dll's ...
Registered in 0.013382 seconds.
Begin MonoManager ReloadAssembly
Native extension for WindowsStandalone target not found
Refreshing native plugins compatible for Editor in 0.35 ms, found 0 plugins.
Preloading 0 native plugins for Editor in 0.00 ms.
Invoked RoslynAnalysisRunner static constructor.
RoslynAnalysisRunner will not be running.
RoslynAnalysisRunner has terminated.
Mono: successfully reloaded assembly
- Completed reload, in  1.656 seconds
Platform modules already initialized, skipping
Refreshing native plugins compatible for Editor in 0.43 ms, found 0 plugins.
Preloading 0 native plugins for Editor in 0.00 ms.
Unloading 1160 Unused Serialized files (Serialized files now loaded: 0)
System memory in use before: 58.3 MB.
System memory in use after: 58.4 MB.

Unloading 12 unused Assets to reduce memory usage. Loaded Objects now: 1613.
Total: 2.265100 ms (FindLiveObjects: 0.257400 ms CreateObjectMapping: 0.102200 ms MarkObjects: 1.841500 ms  DeleteObjects: 0.062200 ms)

========================================================================
Received Import Request.
  Time since last request: 36.751573 seconds.
  path: Assets/_Scripts/GameManager.cs
  artifactKey: Guid(f9af4cb2bd51bfd468de24315e4cce2e) Importer(815301076,1909f56bfc062723c751e8b465ee728b)
Start importing Assets/_Scripts/GameManager.cs using Guid(f9af4cb2bd51bfd468de24315e4cce2e) Importer(815301076,1909f56bfc062723c751e8b465ee728b)  -> (artifact id: '06019476f4950ab9e1acd2e8fc27b4a3') in 0.031864 seconds
  Import took 0.047187 seconds .

========================================================================
Received Prepare
Registering precompiled user dll's ...
Registered in 0.013305 seconds.
Begin MonoManager ReloadAssembly
Native extension for WindowsStandalone target not found
Refreshing native plugins compatible for Editor in 0.51 ms, found 0 plugins.
Preloading 0 native plugins for Editor in 0.00 ms.
Invoked RoslynAnalysisRunner static constructor.
RoslynAnalysisRunner will not be running.
RoslynAnalysisRunner has terminated.
Mono: successfully reloaded assembly
- Completed reload, in  1.927 seconds
Platform modules already initialized, skipping
Refreshing native plugins compatible for Editor in 0.44 ms, found 0 plugins.
Preloading 0 native plugins for Editor in 0.00 ms.
Unloading 1160 Unused Serialized files (Serialized files now loaded: 0)
System memory in use before: 58.3 MB.
System memory in use after: 58.4 MB.

Unloading 12 unused Assets to reduce memory usage. Loaded Objects now: 1616.
Total: 2.939900 ms (FindLiveObjects: 0.213800 ms CreateObjectMapping: 0.052900 ms MarkObjects: 2.584600 ms  DeleteObjects: 0.086400 ms)

========================================================================
Received Import Request.
  Time since last request: 275.923920 seconds.
  path: Assets/_Scripts/GameManager.cs
  artifactKey: Guid(f9af4cb2bd51bfd468de24315e4cce2e) Importer(815301076,1909f56bfc062723c751e8b465ee728b)
Start importing Assets/_Scripts/GameManager.cs using Guid(f9af4cb2bd51bfd468de24315e4cce2e) Importer(815301076,1909f56bfc062723c751e8b465ee728b)  -> (artifact id: '4ec0fd0a6f371bd30d9be68daf27c580') in 0.011425 seconds
  Import took 0.021079 seconds .

========================================================================
Received Prepare
Registering precompiled user dll's ...
Registered in 0.007983 seconds.
Begin MonoManager ReloadAssembly
Native extension for WindowsStandalone target not found
Refreshing native plugins compatible for Editor in 0.61 ms, found 0 plugins.
Preloading 0 native plugins for Editor in 0.00 ms.
Invoked RoslynAnalysisRunner static constructor.
RoslynAnalysisRunner will not be running.
RoslynAnalysisRunner has terminated.
Mono: successfully reloaded assembly
- Completed reload, in  1.186 seconds
Platform modules already initialized, skipping
Refreshing native plugins compatible for Editor in 0.33 ms, found 0 plugins.
Preloading 0 native plugins for Editor in 0.00 ms.
Unloading 1160 Unused Serialized files (Serialized files now loaded: 0)
System memory in use before: 58.4 MB.
System memory in use after: 58.4 MB.

Unloading 12 unused Assets to reduce memory usage. Loaded Objects now: 1619.
Total: 1.933700 ms (FindLiveObjects: 0.174900 ms CreateObjectMapping: 0.042400 ms MarkObjects: 1.653700 ms  DeleteObjects: 0.060800 ms)

========================================================================
Received Import Request.
  Time since last request: 950.708938 seconds.
  path: ProjectSettings/TagManager.asset
  artifactKey: Guid(00000000000000003000000000000000) Importer(815301076,1909f56bfc062723c751e8b465ee728b)
Start importing ProjectSettings/TagManager.asset using Guid(00000000000000003000000000000000) Importer(815301076,1909f56bfc062723c751e8b465ee728b)  -> (artifact id: '3d8e2ba90a78c31da72e9c6476ba85ae') in 0.032881 seconds
  Import took 0.040519 seconds .

========================================================================
Received Import Request.
  Time since last request: 75.010946 seconds.
  path: Assets/Prefabs/Bad1.prefab
  artifactKey: Guid(ddc171172d87f4446aa56cf70ad145f5) Importer(815301076,1909f56bfc062723c751e8b465ee728b)
Start importing Assets/Prefabs/Bad1.prefab using Guid(ddc171172d87f4446aa56cf70ad145f5) Importer(815301076,1909f56bfc062723c751e8b465ee728b)  -> (artifact id: 'a303f0919edd07cee5a4bb387b1bc05a') in 0.199432 seconds
  Import took 0.210599 seconds .

========================================================================
Received Import Request.
  Time since last request: 0.002334 seconds.
  path: Assets/Prefabs/Bad1.prefab
  artifactKey: Guid(ddc171172d87f4446aa56cf70ad145f5) Importer(815301076,1909f56bfc062723c751e8b465ee728b)
Start importing Assets/Prefabs/Bad1.prefab using Guid(ddc171172d87f4446aa56cf70ad145f5) Importer(815301076,1909f56bfc062723c751e8b465ee728b)  -> (artifact id: 'a303f0919edd07cee5a4bb387b1bc05a') in 0.046622 seconds
  Import took 0.055643 seconds .

========================================================================
Received Import Request.
  Time since last request: 3.079493 seconds.
  path: Assets/Prefabs/Good1.prefab
  artifactKey: Guid(968a1adadd4d8a24fbad301d5c4923ed) Importer(815301076,1909f56bfc062723c751e8b465ee728b)
Start importing Assets/Prefabs/Good1.prefab using Guid(968a1adadd4d8a24fbad301d5c4923ed) Importer(815301076,1909f56bfc062723c751e8b465ee728b)  -> (artifact id: '0fe7cf6cfd37f243eaddb2d5b200adea') in 0.024011 seconds
  Import took 0.049132 seconds .

========================================================================
Received Import Request.
  Time since last request: 2.929070 seconds.
  path: Assets/Prefabs/Good2.prefab
  artifactKey: Guid(c09fb5a2ff8249b49b279c5fbb84bd44) Importer(815301076,1909f56bfc062723c751e8b465ee728b)
Start importing Assets/Prefabs/Good2.prefab using Guid(c09fb5a2ff8249b49b279c5fbb84bd44) Importer(815301076,1909f56bfc062723c751e8b465ee728b)  -> (artifact id: 'b3311a56712b92e1597499faa2353216') in 0.036534 seconds
  Import took 0.044901 seconds .

========================================================================
Received Import Request.
  Time since last request: 2.673476 seconds.
  path: Assets/Prefabs/Good3.prefab
  artifactKey: Guid(ff1505096086582439b70545662baf05) Importer(815301076,1909f56bfc062723c751e8b465ee728b)
Start importing Assets/Prefabs/Good3.prefab using Guid(ff1505096086582439b70545662baf05) Importer(815301076,1909f56bfc062723c751e8b465ee728b)  -> (artifact id: '24bd9377c864bba438007971409cb723') in 0.016874 seconds
  Import took 0.025739 seconds .

========================================================================
Received Import Request.
  Time since last request: 2.616925 seconds.
  path: Assets/Prefabs/Good4.prefab
  artifactKey: Guid(890583ddebf04514ca100575f9618b3e) Importer(815301076,1909f56bfc062723c751e8b465ee728b)
Start importing Assets/Prefabs/Good4.prefab using Guid(890583ddebf04514ca100575f9618b3e) Importer(815301076,1909f56bfc062723c751e8b465ee728b)  -> (artifact id: '8e8b56195c424ee14cc24065af1bc531') in 0.015833 seconds
  Import took 0.025044 seconds .

========================================================================
Received Prepare
Registering precompiled user dll's ...
Registered in 0.009660 seconds.
Begin MonoManager ReloadAssembly
Native extension for WindowsStandalone target not found
Refreshing native plugins compatible for Editor in 0.37 ms, found 0 plugins.
Preloading 0 native plugins for Editor in 0.00 ms.
Invoked RoslynAnalysisRunner static constructor.
RoslynAnalysisRunner will not be running.
RoslynAnalysisRunner has terminated.
Mono: successfully reloaded assembly
- Completed reload, in  1.101 seconds
Platform modules already initialized, skipping
Refreshing native plugins compatible for Editor in 0.34 ms, found 0 plugins.
Preloading 0 native plugins for Editor in 0.00 ms.
Unloading 1160 Unused Serialized files (Serialized files now loaded: 0)
System memory in use before: 61.5 MB.
System memory in use after: 61.6 MB.

Unloading 13 unused Assets to reduce memory usage. Loaded Objects now: 1629.
Total: 1.507200 ms (FindLiveObjects: 0.123400 ms CreateObjectMapping: 0.032700 ms MarkObjects: 1.299900 ms  DeleteObjects: 0.049800 ms)

