Using pre-set license
Built from '2020.3/release' branch; Version is '2020.3.2f1 (8fd9074bf66c) revision 9427207'; Using compiler version '192528614'; Build Type 'Release'
OS: 'Windows 10 Home; OS build 19042.867; Version 2009; 64bit' Language: 'en' Physical Memory: 16229 MB
BatchMode: 1, IsHumanControllingUs: 0, StartBugReporterOnCrash: 0, Is64bit: 1, IsPro: 0

 COMMAND LINE ARGUMENTS:
C:\Program Files\Unity\Hub\Editor\2020.3.2f1\Editor\Unity.exe
-adb2
-batchMode
-noUpm
-name
AssetImportWorker0
-projectPath
C:/Users/LuisI/OneDrive/Documentos/Unity/Curso-Unity-2020/05_QuickClick
-logFile
Logs/AssetImportWorker0.log
-srvPort
21286
Successfully changed project path to: C:/Users/LuisI/OneDrive/Documentos/Unity/Curso-Unity-2020/05_QuickClick
C:/Users/LuisI/OneDrive/Documentos/Unity/Curso-Unity-2020/05_QuickClick
Using Asset Import Pipeline V2.
Refreshing native plugins compatible for Editor in 40.59 ms, found 0 plugins.
Preloading 0 native plugins for Editor in 0.00 ms.
Initialize engine version: 2020.3.2f1 (8fd9074bf66c)
[Subsystems] Discovering subsystems at path C:/Program Files/Unity/Hub/Editor/2020.3.2f1/Editor/Data/Resources/UnitySubsystems
[Subsystems] Discovering subsystems at path C:/Users/LuisI/OneDrive/Documentos/Unity/Curso-Unity-2020/05_QuickClick/Assets
GfxDevice: creating device client; threaded=0
Direct3D:
    Version:  Direct3D 11.0 [level 11.1]
    Renderer: NVIDIA GeForce GTX 1650 with Max-Q Design (ID=0x1f91)
    Vendor:   
    VRAM:     3962 MB
    Driver:   27.21.14.6089
Initialize mono
Mono path[0] = 'C:/Program Files/Unity/Hub/Editor/2020.3.2f1/Editor/Data/Managed'
Mono path[1] = 'C:/Program Files/Unity/Hub/Editor/2020.3.2f1/Editor/Data/MonoBleedingEdge/lib/mono/unityjit'
Mono config path = 'C:/Program Files/Unity/Hub/Editor/2020.3.2f1/Editor/Data/MonoBleedingEdge/etc'
Using monoOptions --debugger-agent=transport=dt_socket,embedding=1,server=y,suspend=n,address=127.0.0.1:56056
Begin MonoManager ReloadAssembly
Registering precompiled unity dll's ...
Register platform support module: C:/Program Files/Unity/Hub/Editor/2020.3.2f1/Editor/Data/PlaybackEngines/WindowsStandaloneSupport/UnityEditor.WindowsStandalone.Extensions.dll
Registered in 0.003746 seconds.
Native extension for WindowsStandalone target not found
Refreshing native plugins compatible for Editor in 38.68 ms, found 0 plugins.
Preloading 0 native plugins for Editor in 0.00 ms.
Invoked RoslynAnalysisRunner static constructor.
RoslynAnalysisRunner will not be running.
RoslynAnalysisRunner has terminated.
Mono: successfully reloaded assembly
- Completed reload, in  1.503 seconds
Platform modules already initialized, skipping
Registering precompiled user dll's ...
Registered in 0.008279 seconds.
Begin MonoManager ReloadAssembly
Native extension for WindowsStandalone target not found
Refreshing native plugins compatible for Editor in 0.50 ms, found 0 plugins.
Preloading 0 native plugins for Editor in 0.00 ms.
Invoked RoslynAnalysisRunner static constructor.
RoslynAnalysisRunner will not be running.
RoslynAnalysisRunner has terminated.
Mono: successfully reloaded assembly
- Completed reload, in  1.053 seconds
Platform modules already initialized, skipping
========================================================================
Worker process is ready to serve import requests
Launched and connected shader compiler UnityShaderCompiler.exe after 0.06 seconds
Refreshing native plugins compatible for Editor in 0.49 ms, found 0 plugins.
Preloading 0 native plugins for Editor in 0.00 ms.
Unloading 1180 Unused Serialized files (Serialized files now loaded: 0)
System memory in use before: 60.7 MB.
System memory in use after: 60.7 MB.

Unloading 17 unused Assets to reduce memory usage. Loaded Objects now: 1620.
Total: 3.507900 ms (FindLiveObjects: 0.593300 ms CreateObjectMapping: 0.372700 ms MarkObjects: 2.408100 ms  DeleteObjects: 0.132100 ms)

========================================================================
Received Import Request.
  path: Assets/Fonts/TMP/cs_regular SDF.asset
  artifactKey: Guid(c1c4fbb50af79b04ab6bf6f603c628d8) Importer(815301076,1909f56bfc062723c751e8b465ee728b)
Start importing Assets/Fonts/TMP/cs_regular SDF.asset using Guid(c1c4fbb50af79b04ab6bf6f603c628d8) Importer(815301076,1909f56bfc062723c751e8b465ee728b)  -> (artifact id: '5be3a03cd8afa4ffb55498261484b3ca') in 0.191539 seconds
  Import took 0.199908 seconds .

========================================================================
Received Import Request.
  Time since last request: 80.219197 seconds.
  path: Assets/_Scripts/GameManager.cs
  artifactKey: Guid(f9af4cb2bd51bfd468de24315e4cce2e) Importer(815301076,1909f56bfc062723c751e8b465ee728b)
Start importing Assets/_Scripts/GameManager.cs using Guid(f9af4cb2bd51bfd468de24315e4cce2e) Importer(815301076,1909f56bfc062723c751e8b465ee728b)  -> (artifact id: '095836d242e701fcc76ca02fd06c7934') in 0.055536 seconds
  Import took 0.078102 seconds .

========================================================================
Received Prepare
Registering precompiled user dll's ...
Registered in 0.010446 seconds.
Begin MonoManager ReloadAssembly
Native extension for WindowsStandalone target not found
Refreshing native plugins compatible for Editor in 0.33 ms, found 0 plugins.
Preloading 0 native plugins for Editor in 0.00 ms.
Invoked RoslynAnalysisRunner static constructor.
RoslynAnalysisRunner will not be running.
RoslynAnalysisRunner has terminated.
Mono: successfully reloaded assembly
- Completed reload, in  1.146 seconds
Platform modules already initialized, skipping
Refreshing native plugins compatible for Editor in 0.34 ms, found 0 plugins.
Preloading 0 native plugins for Editor in 0.00 ms.
Unloading 1160 Unused Serialized files (Serialized files now loaded: 0)
System memory in use before: 62.6 MB.
System memory in use after: 62.6 MB.

Unloading 12 unused Assets to reduce memory usage. Loaded Objects now: 1665.
Total: 1.828600 ms (FindLiveObjects: 0.192400 ms CreateObjectMapping: 0.052300 ms MarkObjects: 1.516900 ms  DeleteObjects: 0.065600 ms)

========================================================================
Received Import Request.
  Time since last request: 956.526433 seconds.
  path: Assets/_Scripts/GameManager.cs
  artifactKey: Guid(f9af4cb2bd51bfd468de24315e4cce2e) Importer(815301076,1909f56bfc062723c751e8b465ee728b)
Start importing Assets/_Scripts/GameManager.cs using Guid(f9af4cb2bd51bfd468de24315e4cce2e) Importer(815301076,1909f56bfc062723c751e8b465ee728b)  -> (artifact id: '25fbdf30611073343b61b6949a56f35d') in 0.007350 seconds
  Import took 0.017695 seconds .

========================================================================
Received Prepare
Registering precompiled user dll's ...
Registered in 0.007951 seconds.
Begin MonoManager ReloadAssembly
Native extension for WindowsStandalone target not found
Refreshing native plugins compatible for Editor in 0.50 ms, found 0 plugins.
Preloading 0 native plugins for Editor in 0.00 ms.
Invoked RoslynAnalysisRunner static constructor.
RoslynAnalysisRunner will not be running.
RoslynAnalysisRunner has terminated.
Mono: successfully reloaded assembly
- Completed reload, in  1.101 seconds
Platform modules already initialized, skipping
Refreshing native plugins compatible for Editor in 0.32 ms, found 0 plugins.
Preloading 0 native plugins for Editor in 0.00 ms.
Unloading 1160 Unused Serialized files (Serialized files now loaded: 0)
System memory in use before: 62.6 MB.
System memory in use after: 62.7 MB.

Unloading 12 unused Assets to reduce memory usage. Loaded Objects now: 1668.
Total: 2.433600 ms (FindLiveObjects: 0.164900 ms CreateObjectMapping: 0.042900 ms MarkObjects: 2.162500 ms  DeleteObjects: 0.061800 ms)

========================================================================
Received Prepare
Registering precompiled user dll's ...
Registered in 0.007948 seconds.
Begin MonoManager ReloadAssembly
Native extension for WindowsStandalone target not found
Refreshing native plugins compatible for Editor in 0.33 ms, found 0 plugins.
Preloading 0 native plugins for Editor in 0.00 ms.
Invoked RoslynAnalysisRunner static constructor.
RoslynAnalysisRunner will not be running.
RoslynAnalysisRunner has terminated.
Mono: successfully reloaded assembly
- Completed reload, in  1.145 seconds
Platform modules already initialized, skipping
Refreshing native plugins compatible for Editor in 0.52 ms, found 0 plugins.
Preloading 0 native plugins for Editor in 0.00 ms.
Unloading 1160 Unused Serialized files (Serialized files now loaded: 0)
System memory in use before: 62.6 MB.
System memory in use after: 62.7 MB.

Unloading 12 unused Assets to reduce memory usage. Loaded Objects now: 1671.
Total: 2.883400 ms (FindLiveObjects: 0.161900 ms CreateObjectMapping: 0.044500 ms MarkObjects: 2.580600 ms  DeleteObjects: 0.094300 ms)

========================================================================
Received Prepare
Registering precompiled user dll's ...
Registered in 0.007640 seconds.
Begin MonoManager ReloadAssembly
Native extension for WindowsStandalone target not found
Refreshing native plugins compatible for Editor in 0.35 ms, found 0 plugins.
Preloading 0 native plugins for Editor in 0.00 ms.
Invoked RoslynAnalysisRunner static constructor.
RoslynAnalysisRunner will not be running.
RoslynAnalysisRunner has terminated.
Mono: successfully reloaded assembly
- Completed reload, in  1.049 seconds
Platform modules already initialized, skipping
Refreshing native plugins compatible for Editor in 0.32 ms, found 0 plugins.
Preloading 0 native plugins for Editor in 0.00 ms.
Unloading 1160 Unused Serialized files (Serialized files now loaded: 0)
System memory in use before: 62.6 MB.
System memory in use after: 62.7 MB.

Unloading 12 unused Assets to reduce memory usage. Loaded Objects now: 1674.
Total: 1.948300 ms (FindLiveObjects: 0.245700 ms CreateObjectMapping: 0.115500 ms MarkObjects: 1.524400 ms  DeleteObjects: 0.061000 ms)

========================================================================
Received Prepare
Registering precompiled user dll's ...
Registered in 0.008785 seconds.
Begin MonoManager ReloadAssembly
Native extension for WindowsStandalone target not found
Refreshing native plugins compatible for Editor in 0.36 ms, found 0 plugins.
Preloading 0 native plugins for Editor in 0.00 ms.
Invoked RoslynAnalysisRunner static constructor.
RoslynAnalysisRunner will not be running.
RoslynAnalysisRunner has terminated.
Mono: successfully reloaded assembly
- Completed reload, in  1.128 seconds
Platform modules already initialized, skipping
Refreshing native plugins compatible for Editor in 0.31 ms, found 0 plugins.
Preloading 0 native plugins for Editor in 0.00 ms.
Unloading 1160 Unused Serialized files (Serialized files now loaded: 0)
System memory in use before: 62.6 MB.
System memory in use after: 62.7 MB.

Unloading 12 unused Assets to reduce memory usage. Loaded Objects now: 1677.
Total: 4.329200 ms (FindLiveObjects: 0.456000 ms CreateObjectMapping: 0.187400 ms MarkObjects: 3.579500 ms  DeleteObjects: 0.104100 ms)

========================================================================
Received Prepare
Registering precompiled user dll's ...
Registered in 0.008180 seconds.
Begin MonoManager ReloadAssembly
Native extension for WindowsStandalone target not found
Refreshing native plugins compatible for Editor in 0.34 ms, found 0 plugins.
Preloading 0 native plugins for Editor in 0.00 ms.
Invoked RoslynAnalysisRunner static constructor.
RoslynAnalysisRunner will not be running.
RoslynAnalysisRunner has terminated.
Mono: successfully reloaded assembly
- Completed reload, in  1.060 seconds
Platform modules already initialized, skipping
Refreshing native plugins compatible for Editor in 0.37 ms, found 0 plugins.
Preloading 0 native plugins for Editor in 0.00 ms.
Unloading 1160 Unused Serialized files (Serialized files now loaded: 0)
System memory in use before: 62.6 MB.
System memory in use after: 62.7 MB.

Unloading 12 unused Assets to reduce memory usage. Loaded Objects now: 1680.
Total: 1.902700 ms (FindLiveObjects: 0.177600 ms CreateObjectMapping: 0.047300 ms MarkObjects: 1.615100 ms  DeleteObjects: 0.061400 ms)

========================================================================
Received Prepare
Registering precompiled user dll's ...
Registered in 0.007732 seconds.
Begin MonoManager ReloadAssembly
Native extension for WindowsStandalone target not found
Refreshing native plugins compatible for Editor in 0.60 ms, found 0 plugins.
Preloading 0 native plugins for Editor in 0.00 ms.
Invoked RoslynAnalysisRunner static constructor.
RoslynAnalysisRunner will not be running.
RoslynAnalysisRunner has terminated.
Mono: successfully reloaded assembly
- Completed reload, in  1.058 seconds
Platform modules already initialized, skipping
Refreshing native plugins compatible for Editor in 0.29 ms, found 0 plugins.
Preloading 0 native plugins for Editor in 0.00 ms.
Unloading 1160 Unused Serialized files (Serialized files now loaded: 0)
System memory in use before: 62.6 MB.
System memory in use after: 62.7 MB.

Unloading 12 unused Assets to reduce memory usage. Loaded Objects now: 1683.
Total: 1.819000 ms (FindLiveObjects: 0.159000 ms CreateObjectMapping: 0.038900 ms MarkObjects: 1.540800 ms  DeleteObjects: 0.077200 ms)

========================================================================
Received Prepare
Registering precompiled user dll's ...
Registered in 0.009531 seconds.
Begin MonoManager ReloadAssembly
Native extension for WindowsStandalone target not found
Refreshing native plugins compatible for Editor in 0.30 ms, found 0 plugins.
Preloading 0 native plugins for Editor in 0.00 ms.
Invoked RoslynAnalysisRunner static constructor.
RoslynAnalysisRunner will not be running.
RoslynAnalysisRunner has terminated.
Mono: successfully reloaded assembly
- Completed reload, in  1.039 seconds
Platform modules already initialized, skipping
Refreshing native plugins compatible for Editor in 0.30 ms, found 0 plugins.
Preloading 0 native plugins for Editor in 0.00 ms.
Unloading 1160 Unused Serialized files (Serialized files now loaded: 0)
System memory in use before: 62.6 MB.
System memory in use after: 62.7 MB.

Unloading 12 unused Assets to reduce memory usage. Loaded Objects now: 1686.
Total: 2.002800 ms (FindLiveObjects: 0.173400 ms CreateObjectMapping: 0.041300 ms MarkObjects: 1.728500 ms  DeleteObjects: 0.058400 ms)

========================================================================
Received Import Request.
  Time since last request: 3169.215312 seconds.
  path: Assets/Prefabs/Bad1.prefab
  artifactKey: Guid(ddc171172d87f4446aa56cf70ad145f5) Importer(815301076,1909f56bfc062723c751e8b465ee728b)
Start importing Assets/Prefabs/Bad1.prefab using Guid(ddc171172d87f4446aa56cf70ad145f5) Importer(815301076,1909f56bfc062723c751e8b465ee728b)  -> (artifact id: '01b85015a880a8eb1b7902aa156c008e') in 0.119185 seconds
  Import took 0.125864 seconds .

========================================================================
Received Import Request.
  Time since last request: 0.000535 seconds.
  path: Assets/Prefabs/Good2.prefab
  artifactKey: Guid(c09fb5a2ff8249b49b279c5fbb84bd44) Importer(815301076,1909f56bfc062723c751e8b465ee728b)
Start importing Assets/Prefabs/Good2.prefab using Guid(c09fb5a2ff8249b49b279c5fbb84bd44) Importer(815301076,1909f56bfc062723c751e8b465ee728b)  -> (artifact id: 'a310fe8fd5dc81b7bb7997bf353cb48b') in 0.020611 seconds
  Import took 0.027191 seconds .

========================================================================
Received Import Request.
  Time since last request: 0.000407 seconds.
  path: Assets/Prefabs/Good3.prefab
  artifactKey: Guid(ff1505096086582439b70545662baf05) Importer(815301076,1909f56bfc062723c751e8b465ee728b)
Start importing Assets/Prefabs/Good3.prefab using Guid(ff1505096086582439b70545662baf05) Importer(815301076,1909f56bfc062723c751e8b465ee728b)  -> (artifact id: '4c13eb8365ce3b1a4c25b6c120db8735') in 0.041040 seconds
  Import took 0.049326 seconds .

========================================================================
Received Import Request.
  Time since last request: 0.000581 seconds.
  path: Assets/Prefabs/Good1.prefab
  artifactKey: Guid(968a1adadd4d8a24fbad301d5c4923ed) Importer(815301076,1909f56bfc062723c751e8b465ee728b)
Start importing Assets/Prefabs/Good1.prefab using Guid(968a1adadd4d8a24fbad301d5c4923ed) Importer(815301076,1909f56bfc062723c751e8b465ee728b)  -> (artifact id: '8a520b34c063f42ff584d4892293567c') in 0.017462 seconds
  Import took 0.028495 seconds .

========================================================================
Received Import Request.
  Time since last request: 0.000445 seconds.
  path: Assets/Prefabs/Good4.prefab
  artifactKey: Guid(890583ddebf04514ca100575f9618b3e) Importer(815301076,1909f56bfc062723c751e8b465ee728b)
Start importing Assets/Prefabs/Good4.prefab using Guid(890583ddebf04514ca100575f9618b3e) Importer(815301076,1909f56bfc062723c751e8b465ee728b)  -> (artifact id: '866618213470e9b1d66b73181ac1bf85') in 0.017874 seconds
  Import took 0.027751 seconds .

========================================================================
Received Import Request.
  Time since last request: 22.299631 seconds.
  path: Assets/Prefabs/Bad1.prefab
  artifactKey: Guid(ddc171172d87f4446aa56cf70ad145f5) Importer(815301076,1909f56bfc062723c751e8b465ee728b)
Start importing Assets/Prefabs/Bad1.prefab using Guid(ddc171172d87f4446aa56cf70ad145f5) Importer(815301076,1909f56bfc062723c751e8b465ee728b)  -> (artifact id: 'a3c5aeefe06ca366f2e62351ad6a3f84') in 0.022675 seconds
  Import took 0.029396 seconds .

========================================================================
Received Import Request.
  Time since last request: 7.713673 seconds.
  path: Assets/Prefabs/Good4.prefab
  artifactKey: Guid(890583ddebf04514ca100575f9618b3e) Importer(815301076,1909f56bfc062723c751e8b465ee728b)
Start importing Assets/Prefabs/Good4.prefab using Guid(890583ddebf04514ca100575f9618b3e) Importer(815301076,1909f56bfc062723c751e8b465ee728b)  -> (artifact id: 'ae88d3e84e18ae254354c2d2d1cd45c3') in 0.013790 seconds
  Import took 0.021716 seconds .

========================================================================
Received Import Request.
  Time since last request: 2.905052 seconds.
  path: Assets/Prefabs/Good2.prefab
  artifactKey: Guid(c09fb5a2ff8249b49b279c5fbb84bd44) Importer(815301076,1909f56bfc062723c751e8b465ee728b)
Start importing Assets/Prefabs/Good2.prefab using Guid(c09fb5a2ff8249b49b279c5fbb84bd44) Importer(815301076,1909f56bfc062723c751e8b465ee728b)  -> (artifact id: 'ba137fda8da31d0a36447a0269e46d6c') in 0.017271 seconds
  Import took 0.022449 seconds .

========================================================================
Received Import Request.
  Time since last request: 5.551488 seconds.
  path: Assets/Prefabs/Good3.prefab
  artifactKey: Guid(ff1505096086582439b70545662baf05) Importer(815301076,1909f56bfc062723c751e8b465ee728b)
Start importing Assets/Prefabs/Good3.prefab using Guid(ff1505096086582439b70545662baf05) Importer(815301076,1909f56bfc062723c751e8b465ee728b)  -> (artifact id: 'd40c27d76e1c6babfd2da1d7fa730764') in 0.016772 seconds
  Import took 0.023666 seconds .

========================================================================
Received Import Request.
  Time since last request: 8.031828 seconds.
  path: Assets/Prefabs/Good1.prefab
  artifactKey: Guid(968a1adadd4d8a24fbad301d5c4923ed) Importer(815301076,1909f56bfc062723c751e8b465ee728b)
Start importing Assets/Prefabs/Good1.prefab using Guid(968a1adadd4d8a24fbad301d5c4923ed) Importer(815301076,1909f56bfc062723c751e8b465ee728b)  -> (artifact id: 'a3c3384930c348b3da7d153cfa21bcf6') in 0.016820 seconds
  Import took 0.023429 seconds .

========================================================================
Received Prepare
Registering precompiled user dll's ...
Registered in 0.008315 seconds.
Begin MonoManager ReloadAssembly
Native extension for WindowsStandalone target not found
Refreshing native plugins compatible for Editor in 0.32 ms, found 0 plugins.
Preloading 0 native plugins for Editor in 0.00 ms.
Invoked RoslynAnalysisRunner static constructor.
RoslynAnalysisRunner will not be running.
RoslynAnalysisRunner has terminated.
Mono: successfully reloaded assembly
- Completed reload, in  1.052 seconds
Platform modules already initialized, skipping
Refreshing native plugins compatible for Editor in 0.38 ms, found 0 plugins.
Preloading 0 native plugins for Editor in 0.00 ms.
Unloading 1160 Unused Serialized files (Serialized files now loaded: 0)
System memory in use before: 62.7 MB.
System memory in use after: 62.8 MB.

Unloading 12 unused Assets to reduce memory usage. Loaded Objects now: 1690.
Total: 1.799100 ms (FindLiveObjects: 0.144400 ms CreateObjectMapping: 0.040000 ms MarkObjects: 1.555300 ms  DeleteObjects: 0.058100 ms)

========================================================================
Received Prepare
Registering precompiled user dll's ...
Registered in 0.009185 seconds.
Begin MonoManager ReloadAssembly
Native extension for WindowsStandalone target not found
Refreshing native plugins compatible for Editor in 0.32 ms, found 0 plugins.
Preloading 0 native plugins for Editor in 0.00 ms.
Invoked RoslynAnalysisRunner static constructor.
RoslynAnalysisRunner will not be running.
RoslynAnalysisRunner has terminated.
Mono: successfully reloaded assembly
- Completed reload, in  1.100 seconds
Platform modules already initialized, skipping
Refreshing native plugins compatible for Editor in 0.33 ms, found 0 plugins.
Preloading 0 native plugins for Editor in 0.00 ms.
Unloading 1160 Unused Serialized files (Serialized files now loaded: 0)
System memory in use before: 62.7 MB.
System memory in use after: 62.8 MB.

Unloading 12 unused Assets to reduce memory usage. Loaded Objects now: 1693.
Total: 1.993600 ms (FindLiveObjects: 0.167200 ms CreateObjectMapping: 0.065800 ms MarkObjects: 1.692500 ms  DeleteObjects: 0.066800 ms)

========================================================================
Received Import Request.
  Time since last request: 667.275430 seconds.
  path: Assets/Prefabs/Good1.prefab
  artifactKey: Guid(968a1adadd4d8a24fbad301d5c4923ed) Importer(815301076,1909f56bfc062723c751e8b465ee728b)
Start importing Assets/Prefabs/Good1.prefab using Guid(968a1adadd4d8a24fbad301d5c4923ed) Importer(815301076,1909f56bfc062723c751e8b465ee728b)  -> (artifact id: 'b0fff3cca61fbe3ec174510730eb64c2') in 0.072112 seconds
  Import took 0.079894 seconds .

========================================================================
Received Import Request.
  Time since last request: 7.891439 seconds.
  path: Assets/Prefabs/Good2.prefab
  artifactKey: Guid(c09fb5a2ff8249b49b279c5fbb84bd44) Importer(815301076,1909f56bfc062723c751e8b465ee728b)
Start importing Assets/Prefabs/Good2.prefab using Guid(c09fb5a2ff8249b49b279c5fbb84bd44) Importer(815301076,1909f56bfc062723c751e8b465ee728b)  -> (artifact id: '40b859816a564c6292b8c9e3fa098202') in 0.017009 seconds
  Import took 0.025092 seconds .

========================================================================
Received Import Request.
  Time since last request: 2.858584 seconds.
  path: Assets/Prefabs/Good3.prefab
  artifactKey: Guid(ff1505096086582439b70545662baf05) Importer(815301076,1909f56bfc062723c751e8b465ee728b)
Start importing Assets/Prefabs/Good3.prefab using Guid(ff1505096086582439b70545662baf05) Importer(815301076,1909f56bfc062723c751e8b465ee728b)  -> (artifact id: '30f96953d63c284275a073f94932ecad') in 0.015081 seconds
  Import took 0.023464 seconds .

========================================================================
Received Prepare
Registering precompiled user dll's ...
Registered in 0.007900 seconds.
Begin MonoManager ReloadAssembly
Native extension for WindowsStandalone target not found
Refreshing native plugins compatible for Editor in 0.35 ms, found 0 plugins.
Preloading 0 native plugins for Editor in 0.00 ms.
Invoked RoslynAnalysisRunner static constructor.
RoslynAnalysisRunner will not be running.
RoslynAnalysisRunner has terminated.
Mono: successfully reloaded assembly
- Completed reload, in  1.148 seconds
Platform modules already initialized, skipping
Refreshing native plugins compatible for Editor in 0.36 ms, found 0 plugins.
Preloading 0 native plugins for Editor in 0.00 ms.
Unloading 1160 Unused Serialized files (Serialized files now loaded: 0)
System memory in use before: 62.7 MB.
System memory in use after: 62.8 MB.

Unloading 12 unused Assets to reduce memory usage. Loaded Objects now: 1697.
Total: 2.030500 ms (FindLiveObjects: 0.184600 ms CreateObjectMapping: 0.050400 ms MarkObjects: 1.727200 ms  DeleteObjects: 0.066900 ms)

========================================================================
Received Prepare
Registering precompiled user dll's ...
Registered in 0.008359 seconds.
Begin MonoManager ReloadAssembly
Native extension for WindowsStandalone target not found
Refreshing native plugins compatible for Editor in 0.42 ms, found 0 plugins.
Preloading 0 native plugins for Editor in 0.00 ms.
Invoked RoslynAnalysisRunner static constructor.
RoslynAnalysisRunner will not be running.
RoslynAnalysisRunner has terminated.
Mono: successfully reloaded assembly
- Completed reload, in  1.127 seconds
Platform modules already initialized, skipping
Refreshing native plugins compatible for Editor in 0.36 ms, found 0 plugins.
Preloading 0 native plugins for Editor in 0.00 ms.
Unloading 1160 Unused Serialized files (Serialized files now loaded: 0)
System memory in use before: 62.7 MB.
System memory in use after: 62.8 MB.

Unloading 12 unused Assets to reduce memory usage. Loaded Objects now: 1700.
Total: 1.904300 ms (FindLiveObjects: 0.164900 ms CreateObjectMapping: 0.046700 ms MarkObjects: 1.627600 ms  DeleteObjects: 0.063800 ms)

========================================================================
Received Prepare
Registering precompiled user dll's ...
Registered in 0.007949 seconds.
Begin MonoManager ReloadAssembly
Native extension for WindowsStandalone target not found
Refreshing native plugins compatible for Editor in 0.34 ms, found 0 plugins.
Preloading 0 native plugins for Editor in 0.00 ms.
Invoked RoslynAnalysisRunner static constructor.
RoslynAnalysisRunner will not be running.
RoslynAnalysisRunner has terminated.
Mono: successfully reloaded assembly
- Completed reload, in  1.132 seconds
Platform modules already initialized, skipping
Refreshing native plugins compatible for Editor in 0.32 ms, found 0 plugins.
Preloading 0 native plugins for Editor in 0.00 ms.
Unloading 1160 Unused Serialized files (Serialized files now loaded: 0)
System memory in use before: 62.7 MB.
System memory in use after: 62.8 MB.

Unloading 12 unused Assets to reduce memory usage. Loaded Objects now: 1703.
Total: 2.038600 ms (FindLiveObjects: 0.175900 ms CreateObjectMapping: 0.055400 ms MarkObjects: 1.743500 ms  DeleteObjects: 0.062900 ms)

========================================================================
Received Prepare
Registering precompiled user dll's ...
Registered in 0.008626 seconds.
Begin MonoManager ReloadAssembly
Native extension for WindowsStandalone target not found
Refreshing native plugins compatible for Editor in 0.60 ms, found 0 plugins.
Preloading 0 native plugins for Editor in 0.00 ms.
Invoked RoslynAnalysisRunner static constructor.
RoslynAnalysisRunner will not be running.
RoslynAnalysisRunner has terminated.
Mono: successfully reloaded assembly
- Completed reload, in  0.987 seconds
Platform modules already initialized, skipping
Refreshing native plugins compatible for Editor in 0.29 ms, found 0 plugins.
Preloading 0 native plugins for Editor in 0.00 ms.
Unloading 1160 Unused Serialized files (Serialized files now loaded: 0)
System memory in use before: 62.7 MB.
System memory in use after: 62.8 MB.

Unloading 12 unused Assets to reduce memory usage. Loaded Objects now: 1706.
Total: 1.859200 ms (FindLiveObjects: 0.151400 ms CreateObjectMapping: 0.035500 ms MarkObjects: 1.617100 ms  DeleteObjects: 0.054000 ms)

AssetImportWorkerClient::OnTransportError - code=2 error=End of file
